# JRE version: OpenJDK Runtime Environment (11.0.9+11) (build 11.0.9+11-post-Uos-1deb10u1)
# Java VM: OpenJDK 64-Bit Server VM (11.0.9+11-post-Uos-1deb10u1, mixed mode, sharing, tiered, compressed oops, parallel gc, linux-amd64)
Heap:
 PSYoungGen      total 17408K, used 7894K [0x00000000eab00000, 0x00000000ebf00000, 0x0000000100000000)
  eden space 16896K, 46% used [0x00000000eab00000,0x00000000eb2a58b0,0x00000000ebb80000)
  from space 512K, 12% used [0x00000000ebe80000,0x00000000ebe90000,0x00000000ebf00000)
  to   space 1024K, 0% used [0x00000000ebd00000,0x00000000ebd00000,0x00000000ebe00000)
 ParOldGen       total 68608K, used 45747K [0x00000000c0000000, 0x00000000c4300000, 0x00000000eab00000)
  object space 68608K, 66% used [0x00000000c0000000,0x00000000c2cacef8,0x00000000c4300000)
 Metaspace       used 48955K, capacity 51826K, committed 52352K, reserved 1095680K
  class space    used 5201K, capacity 6272K, committed 6272K, reserved 1048576K
GC Heap History (20 events):
Event: 15,358 GC heap before
{Heap before GC invocations=22 (full 2):
 PSYoungGen      total 24064K, used 24000K [0x00000000eab00000, 0x00000000ec580000, 0x0000000100000000)
  eden space 22016K, 100% used [0x00000000eab00000,0x00000000ec080000,0x00000000ec080000)
  from space 2048K, 96% used [0x00000000ec180000,0x00000000ec370000,0x00000000ec380000)
  to   space 2048K, 0% used [0x00000000ec380000,0x00000000ec380000,0x00000000ec580000)
 ParOldGen       total 68608K, used 27681K [0x00000000c0000000, 0x00000000c4300000, 0x00000000eab00000)
  object space 68608K, 40% used [0x00000000c0000000,0x00000000c1b08500,0x00000000c4300000)
 Metaspace       used 39119K, capacity 41526K, committed 41984K, reserved 1085440K
  class space    used 4271K, capacity 5107K, committed 5120K, reserved 1048576K
}
Event: 15,371 GC heap after
{Heap after GC invocations=22 (full 2):
 PSYoungGen      total 24064K, used 1760K [0x00000000eab00000, 0x00000000ec580000, 0x0000000100000000)
  eden space 22016K, 0% used [0x00000000eab00000,0x00000000eab00000,0x00000000ec080000)
  from space 2048K, 85% used [0x00000000ec380000,0x00000000ec538000,0x00000000ec580000)
  to   space 2048K, 0% used [0x00000000ec180000,0x00000000ec180000,0x00000000ec380000)
 ParOldGen       total 68608K, used 29593K [0x00000000c0000000, 0x00000000c4300000, 0x00000000eab00000)
  object space 68608K, 43% used [0x00000000c0000000,0x00000000c1ce6500,0x00000000c4300000)
 Metaspace       used 39119K, capacity 41526K, committed 41984K, reserved 1085440K
  class space    used 4271K, capacity 5107K, committed 5120K, reserved 1048576K
}
Event: 16,298 GC heap before
{Heap before GC invocations=23 (full 2):
 PSYoungGen      total 24064K, used 23776K [0x00000000eab00000, 0x00000000ec580000, 0x0000000100000000)
  eden space 22016K, 100% used [0x00000000eab00000,0x00000000ec080000,0x00000000ec080000)
  from space 2048K, 85% used [0x00000000ec380000,0x00000000ec538000,0x00000000ec580000)
  to   space 2048K, 0% used [0x00000000ec180000,0x00000000ec180000,0x00000000ec380000)
 ParOldGen       total 68608K, used 29593K [0x00000000c0000000, 0x00000000c4300000, 0x00000000eab00000)
  object space 68608K, 43% used [0x00000000c0000000,0x00000000c1ce6500,0x00000000c4300000)
 Metaspace       used 40398K, capacity 42897K, committed 43264K, reserved 1087488K
  class space    used 4410K, capacity 5265K, committed 5376K, reserved 1048576K
}
Event: 16,315 GC heap after
{Heap after GC invocations=23 (full 2):
 PSYoungGen      total 24064K, used 1889K [0x00000000eab00000, 0x00000000ec480000, 0x0000000100000000)
  eden space 22016K, 0% used [0x00000000eab00000,0x00000000eab00000,0x00000000ec080000)
  from space 2048K, 92% used [0x00000000ec180000,0x00000000ec358568,0x00000000ec380000)
  to   space 1024K, 0% used [0x00000000ec380000,0x00000000ec380000,0x00000000ec480000)
 ParOldGen       total 68608K, used 31286K [0x00000000c0000000, 0x00000000c4300000, 0x00000000eab00000)
  object space 68608K, 45% used [0x00000000c0000000,0x00000000c1e8d858,0x00000000c4300000)
 Metaspace       used 40398K, capacity 42897K, committed 43264K, reserved 1087488K
  class space    used 4410K, capacity 5265K, committed 5376K, reserved 1048576K
}
Event: 17,171 GC heap before
{Heap before GC invocations=24 (full 2):
 PSYoungGen      total 24064K, used 23905K [0x00000000eab00000, 0x00000000ec480000, 0x0000000100000000)
  eden space 22016K, 100% used [0x00000000eab00000,0x00000000ec080000,0x00000000ec080000)
  from space 2048K, 92% used [0x00000000ec180000,0x00000000ec358568,0x00000000ec380000)
  to   space 1024K, 0% used [0x00000000ec380000,0x00000000ec380000,0x00000000ec480000)
 ParOldGen       total 68608K, used 31286K [0x00000000c0000000, 0x00000000c4300000, 0x00000000eab00000)
  object space 68608K, 45% used [0x00000000c0000000,0x00000000c1e8d858,0x00000000c4300000)
 Metaspace       used 41493K, capacity 44073K, committed 44416K, reserved 1087488K
  class space    used 4518K, capacity 5464K, committed 5504K, reserved 1048576K
}
Event: 17,188 GC heap after
{Heap after GC invocations=24 (full 2):
 PSYoungGen      total 22528K, used 1017K [0x00000000eab00000, 0x00000000ec780000, 0x0000000100000000)
  eden space 21504K, 0% used [0x00000000eab00000,0x00000000eab00000,0x00000000ec000000)
  from space 1024K, 99% used [0x00000000ec380000,0x00000000ec47e470,0x00000000ec480000)
  to   space 3584K, 0% used [0x00000000ec000000,0x00000000ec000000,0x00000000ec380000)
 ParOldGen       total 68608K, used 33346K [0x00000000c0000000, 0x00000000c4300000, 0x00000000eab00000)
  object space 68608K, 48% used [0x00000000c0000000,0x00000000c2090828,0x00000000c4300000)
 Metaspace       used 41493K, capacity 44073K, committed 44416K, reserved 1087488K
  class space    used 4518K, capacity 5464K, committed 5504K, reserved 1048576K
}
Event: 17,478 GC heap before
{Heap before GC invocations=25 (full 2):
 PSYoungGen      total 22528K, used 22521K [0x00000000eab00000, 0x00000000ec780000, 0x0000000100000000)
  eden space 21504K, 100% used [0x00000000eab00000,0x00000000ec000000,0x00000000ec000000)
  from space 1024K, 99% used [0x00000000ec380000,0x00000000ec47e470,0x00000000ec480000)
  to   space 3584K, 0% used [0x00000000ec000000,0x00000000ec000000,0x00000000ec380000)
 ParOldGen       total 68608K, used 33346K [0x00000000c0000000, 0x00000000c4300000, 0x00000000eab00000)
  object space 68608K, 48% used [0x00000000c0000000,0x00000000c2090828,0x00000000c4300000)
 Metaspace       used 41597K, capacity 44202K, committed 44416K, reserved 1087488K
  class space    used 4525K, capacity 5464K, committed 5504K, reserved 1048576K
}
Event: 17,493 GC heap after
{Heap after GC invocations=25 (full 2):
 PSYoungGen      total 22528K, used 928K [0x00000000eab00000, 0x00000000ec400000, 0x0000000100000000)
  eden space 21504K, 0% used [0x00000000eab00000,0x00000000eab00000,0x00000000ec000000)
  from space 1024K, 90% used [0x00000000ec000000,0x00000000ec0e8000,0x00000000ec100000)
  to   space 2048K, 0% used [0x00000000ec200000,0x00000000ec200000,0x00000000ec400000)
 ParOldGen       total 68608K, used 34355K [0x00000000c0000000, 0x00000000c4300000, 0x00000000eab00000)
  object space 68608K, 50% used [0x00000000c0000000,0x00000000c218ccb8,0x00000000c4300000)
 Metaspace       used 41597K, capacity 44202K, committed 44416K, reserved 1087488K
  class space    used 4525K, capacity 5464K, committed 5504K, reserved 1048576K
}
Event: 17,909 GC heap before
{Heap before GC invocations=26 (full 2):
 PSYoungGen      total 22528K, used 22432K [0x00000000eab00000, 0x00000000ec400000, 0x0000000100000000)
  eden space 21504K, 100% used [0x00000000eab00000,0x00000000ec000000,0x00000000ec000000)
  from space 1024K, 90% used [0x00000000ec000000,0x00000000ec0e8000,0x00000000ec100000)
  to   space 2048K, 0% used [0x00000000ec200000,0x00000000ec200000,0x00000000ec400000)
 ParOldGen       total 68608K, used 34355K [0x00000000c0000000, 0x00000000c4300000, 0x00000000eab00000)
  object space 68608K, 50% used [0x00000000c0000000,0x00000000c218ccb8,0x00000000c4300000)
 Metaspace       used 42591K, capacity 45209K, committed 45440K, reserved 1089536K
  class space    used 4569K, capacity 5501K, committed 5504K, reserved 1048576K
}
Event: 17,914 GC heap after
{Heap after GC invocations=26 (full 2):
 PSYoungGen      total 23040K, used 1899K [0x00000000eab00000, 0x00000000ec500000, 0x0000000100000000)
  eden space 20992K, 0% used [0x00000000eab00000,0x00000000eab00000,0x00000000ebf80000)
  from space 2048K, 92% used [0x00000000ec200000,0x00000000ec3daca8,0x00000000ec400000)
  to   space 2560K, 0% used [0x00000000ebf80000,0x00000000ebf80000,0x00000000ec200000)
 ParOldGen       total 68608K, used 35147K [0x00000000c0000000, 0x00000000c4300000, 0x00000000eab00000)
  object space 68608K, 51% used [0x00000000c0000000,0x00000000c2252cb8,0x00000000c4300000)
 Metaspace       used 42591K, capacity 45209K, committed 45440K, reserved 1089536K
  class space    used 4569K, capacity 5501K, committed 5504K, reserved 1048576K
}
Event: 18,518 GC heap before
{Heap before GC invocations=27 (full 2):
 PSYoungGen      total 23040K, used 22885K [0x00000000eab00000, 0x00000000ec500000, 0x0000000100000000)
  eden space 20992K, 99% used [0x00000000eab00000,0x00000000ebf7eb00,0x00000000ebf80000)
  from space 2048K, 92% used [0x00000000ec200000,0x00000000ec3daca8,0x00000000ec400000)
  to   space 2560K, 0% used [0x00000000ebf80000,0x00000000ebf80000,0x00000000ec200000)
 ParOldGen       total 68608K, used 35147K [0x00000000c0000000, 0x00000000c4300000, 0x00000000eab00000)
  object space 68608K, 51% used [0x00000000c0000000,0x00000000c2252cb8,0x00000000c4300000)
 Metaspace       used 44479K, capacity 47256K, committed 47616K, reserved 1091584K
  class space    used 4784K, capacity 5778K, committed 5888K, reserved 1048576K
}
Event: 18,530 GC heap after
{Heap after GC invocations=27 (full 2):
 PSYoungGen      total 22016K, used 564K [0x00000000eab00000, 0x00000000ec280000, 0x0000000100000000)
  eden space 20992K, 0% used [0x00000000eab00000,0x00000000eab00000,0x00000000ebf80000)
  from space 1024K, 55% used [0x00000000ebf80000,0x00000000ec00d320,0x00000000ec080000)
  to   space 1536K, 0% used [0x00000000ec100000,0x00000000ec100000,0x00000000ec280000)
 ParOldGen       total 68608K, used 35875K [0x00000000c0000000, 0x00000000c4300000, 0x00000000eab00000)
  object space 68608K, 52% used [0x00000000c0000000,0x00000000c2308d88,0x00000000c4300000)
 Metaspace       used 44479K, capacity 47256K, committed 47616K, reserved 1091584K
  class space    used 4784K, capacity 5778K, committed 5888K, reserved 1048576K
}
Event: 18,932 GC heap before
{Heap before GC invocations=28 (full 2):
 PSYoungGen      total 22016K, used 21556K [0x00000000eab00000, 0x00000000ec280000, 0x0000000100000000)
  eden space 20992K, 100% used [0x00000000eab00000,0x00000000ebf80000,0x00000000ebf80000)
  from space 1024K, 55% used [0x00000000ebf80000,0x00000000ec00d320,0x00000000ec080000)
  to   space 1536K, 0% used [0x00000000ec100000,0x00000000ec100000,0x00000000ec280000)
 ParOldGen       total 68608K, used 35875K [0x00000000c0000000, 0x00000000c4300000, 0x00000000eab00000)
  object space 68608K, 52% used [0x00000000c0000000,0x00000000c2308d88,0x00000000c4300000)
 Metaspace       used 46019K, capacity 48856K, committed 49280K, reserved 1093632K
  class space    used 4926K, capacity 5906K, committed 6016K, reserved 1048576K
}
Event: 18,941 GC heap after
{Heap after GC invocations=28 (full 2):
 PSYoungGen      total 22016K, used 1442K [0x00000000eab00000, 0x00000000ec380000, 0x0000000100000000)
  eden space 20480K, 0% used [0x00000000eab00000,0x00000000eab00000,0x00000000ebf00000)
  from space 1536K, 93% used [0x00000000ec100000,0x00000000ec268a00,0x00000000ec280000)
  to   space 2048K, 0% used [0x00000000ebf00000,0x00000000ebf00000,0x00000000ec100000)
 ParOldGen       total 68608K, used 36352K [0x00000000c0000000, 0x00000000c4300000, 0x00000000eab00000)
  object space 68608K, 52% used [0x00000000c0000000,0x00000000c2380120,0x00000000c4300000)
 Metaspace       used 46019K, capacity 48856K, committed 49280K, reserved 1093632K
  class space    used 4926K, capacity 5906K, committed 6016K, reserved 1048576K
}
Event: 19,253 GC heap before
{Heap before GC invocations=29 (full 2):
 PSYoungGen      total 22016K, used 21922K [0x00000000eab00000, 0x00000000ec380000, 0x0000000100000000)
  eden space 20480K, 100% used [0x00000000eab00000,0x00000000ebf00000,0x00000000ebf00000)
  from space 1536K, 93% used [0x00000000ec100000,0x00000000ec268a00,0x00000000ec280000)
  to   space 2048K, 0% used [0x00000000ebf00000,0x00000000ebf00000,0x00000000ec100000)
 ParOldGen       total 68608K, used 36352K [0x00000000c0000000, 0x00000000c4300000, 0x00000000eab00000)
  object space 68608K, 52% used [0x00000000c0000000,0x00000000c2380120,0x00000000c4300000)
 Metaspace       used 46549K, capacity 49336K, committed 49792K, reserved 1093632K
  class space    used 4966K, capacity 5938K, committed 6016K, reserved 1048576K
}
Event: 19,258 GC heap after
{Heap after GC invocations=29 (full 2):
 PSYoungGen      total 20992K, used 180K [0x00000000eab00000, 0x00000000ec180000, 0x0000000100000000)
  eden space 20480K, 0% used [0x00000000eab00000,0x00000000eab00000,0x00000000ebf00000)
  from space 512K, 35% used [0x00000000ebf00000,0x00000000ebf2d058,0x00000000ebf80000)
  to   space 1024K, 0% used [0x00000000ec080000,0x00000000ec080000,0x00000000ec180000)
 ParOldGen       total 68608K, used 36560K [0x00000000c0000000, 0x00000000c4300000, 0x00000000eab00000)
  object space 68608K, 53% used [0x00000000c0000000,0x00000000c23b4120,0x00000000c4300000)
 Metaspace       used 46549K, capacity 49336K, committed 49792K, reserved 1093632K
  class space    used 4966K, capacity 5938K, committed 6016K, reserved 1048576K
}
Event: 19,807 GC heap before
{Heap before GC invocations=30 (full 2):
 PSYoungGen      total 20992K, used 20660K [0x00000000eab00000, 0x00000000ec180000, 0x0000000100000000)
  eden space 20480K, 100% used [0x00000000eab00000,0x00000000ebf00000,0x00000000ebf00000)
  from space 512K, 35% used [0x00000000ebf00000,0x00000000ebf2d058,0x00000000ebf80000)
  to   space 1024K, 0% used [0x00000000ec080000,0x00000000ec080000,0x00000000ec180000)
 ParOldGen       total 68608K, used 36560K [0x00000000c0000000, 0x00000000c4300000, 0x00000000eab00000)
  object space 68608K, 53% used [0x00000000c0000000,0x00000000c23b4120,0x00000000c4300000)
 Metaspace       used 48897K, capacity 51762K, committed 52096K, reserved 1095680K
  class space    used 5196K, capacity 6272K, committed 6272K, reserved 1048576K
}
Event: 19,818 GC heap after
{Heap after GC invocations=30 (full 2):
 PSYoungGen      total 17920K, used 1008K [0x00000000eab00000, 0x00000000ec900000, 0x0000000100000000)
  eden space 16896K, 0% used [0x00000000eab00000,0x00000000eab00000,0x00000000ebb80000)
  from space 1024K, 98% used [0x00000000ec080000,0x00000000ec17c168,0x00000000ec180000)
  to   space 5120K, 0% used [0x00000000ebb80000,0x00000000ebb80000,0x00000000ec080000)
 ParOldGen       total 68608K, used 39540K [0x00000000c0000000, 0x00000000c4300000, 0x00000000eab00000)
  object space 68608K, 57% used [0x00000000c0000000,0x00000000c269d040,0x00000000c4300000)
 Metaspace       used 48897K, capacity 51762K, committed 52096K, reserved 1095680K
  class space    used 5196K, capacity 6272K, committed 6272K, reserved 1048576K
}
Event: 20,039 GC heap before
{Heap before GC invocations=31 (full 2):
 PSYoungGen      total 17920K, used 16611K [0x00000000eab00000, 0x00000000ec900000, 0x0000000100000000)
  eden space 16896K, 92% used [0x00000000eab00000,0x00000000eba3ce88,0x00000000ebb80000)
  from space 1024K, 98% used [0x00000000ec080000,0x00000000ec17c168,0x00000000ec180000)
  to   space 5120K, 0% used [0x00000000ebb80000,0x00000000ebb80000,0x00000000ec080000)
 ParOldGen       total 68608K, used 39540K [0x00000000c0000000, 0x00000000c4300000, 0x00000000eab00000)
  object space 68608K, 57% used [0x00000000c0000000,0x00000000c269d040,0x00000000c4300000)
 Metaspace       used 48914K, capacity 51762K, committed 52096K, reserved 1095680K
  class space    used 5198K, capacity 6272K, committed 6272K, reserved 1048576K
}
Event: 20,059 GC heap after
{Heap after GC invocations=31 (full 2):
 PSYoungGen      total 19456K, used 2375K [0x00000000eab00000, 0x00000000ec180000, 0x0000000100000000)
  eden space 16896K, 0% used [0x00000000eab00000,0x00000000eab00000,0x00000000ebb80000)
  from space 2560K, 92% used [0x00000000ebb80000,0x00000000ebdd1d90,0x00000000ebe00000)
  to   space 3072K, 0% used [0x00000000ebe80000,0x00000000ebe80000,0x00000000ec180000)
 ParOldGen       total 68608K, used 40547K [0x00000000c0000000, 0x00000000c4300000, 0x00000000eab00000)
  object space 68608K, 59% used [0x00000000c0000000,0x00000000c2798f68,0x00000000c4300000)
 Metaspace       used 48914K, capacity 51762K, committed 52096K, reserved 1095680K
  class space    used 5198K, capacity 6272K, committed 6272K, reserved 1048576K
}

